\BOOKMARK [1][-]{section.1}{Computers, People and Programming}{}% 1
\BOOKMARK [2][-]{subsection.1.1}{Review}{section.1}% 2
\BOOKMARK [2][-]{subsection.1.2}{Exercises}{section.1}% 3
\BOOKMARK [1][-]{section.2}{Hello, World!}{}% 4
\BOOKMARK [2][-]{subsection.2.1}{Review}{section.2}% 5
\BOOKMARK [2][-]{subsection.2.2}{Exercises}{section.2}% 6
\BOOKMARK [1][-]{section.3}{Objects, Types and Values}{}% 7
\BOOKMARK [2][-]{subsection.3.1}{Review}{section.3}% 8
\BOOKMARK [2][-]{subsection.3.2}{Exercises}{section.3}% 9
\BOOKMARK [1][-]{section.4}{Computation}{}% 10
\BOOKMARK [2][-]{subsection.4.1}{Review}{section.4}% 11
\BOOKMARK [1][-]{section.5}{Errors}{}% 12
\BOOKMARK [2][-]{subsection.5.1}{Review}{section.5}% 13
\BOOKMARK [1][-]{section.6}{Writing a program}{}% 14
\BOOKMARK [1][-]{section.7}{Completing a Program}{}% 15
\BOOKMARK [2][-]{subsection.7.1}{Review}{section.7}% 16
\BOOKMARK [1][-]{section.8}{Technicalities: Functions, Etc}{}% 17
\BOOKMARK [2][-]{subsection.8.1}{Review}{section.8}% 18
\BOOKMARK [1][-]{section.9}{Technicalities: Classes, Etc}{}% 19
\BOOKMARK [2][-]{subsection.9.1}{Review}{section.9}% 20
\BOOKMARK [1][-]{section.10}{Input and Output Streams}{}% 21
\BOOKMARK [2][-]{subsection.10.1}{Review}{section.10}% 22
\BOOKMARK [1][-]{section.11}{Customizing Input and Output}{}% 23
\BOOKMARK [2][-]{subsection.11.1}{Review}{section.11}% 24
\BOOKMARK [1][-]{section.12}{A Display Model}{}% 25
\BOOKMARK [2][-]{subsection.12.1}{Review}{section.12}% 26
\BOOKMARK [1][-]{section.13}{Graphics Classes}{}% 27
\BOOKMARK [2][-]{subsection.13.1}{Review}{section.13}% 28
\BOOKMARK [1][-]{section.14}{Graphics Class Design}{}% 29
\BOOKMARK [2][-]{subsection.14.1}{Review}{section.14}% 30
\BOOKMARK [1][-]{section.15}{Graphing functions and data}{}% 31
\BOOKMARK [2][-]{subsection.15.1}{Review}{section.15}% 32
\BOOKMARK [1][-]{section.16}{Graphical user Interface}{}% 33
\BOOKMARK [2][-]{subsection.16.1}{Review}{section.16}% 34
\BOOKMARK [1][-]{section.17}{Vector and Free Store}{}% 35
\BOOKMARK [2][-]{subsection.17.1}{Review}{section.17}% 36
\BOOKMARK [1][-]{section.18}{Vectors and Arrays}{}% 37
\BOOKMARK [2][-]{subsection.18.1}{Review}{section.18}% 38
\BOOKMARK [1][-]{section.19}{Vectors, Templates, Exceptions}{}% 39
\BOOKMARK [2][-]{subsection.19.1}{Review}{section.19}% 40
\BOOKMARK [1][-]{section.20}{Containers and Iterators}{}% 41
\BOOKMARK [2][-]{subsection.20.1}{Review}{section.20}% 42
\BOOKMARK [1][-]{section.21}{Algorithms and Maps}{}% 43
\BOOKMARK [2][-]{subsection.21.1}{Review}{section.21}% 44
\BOOKMARK [1][-]{section.22}{Embedded Systems Programming}{}% 45
\BOOKMARK [2][-]{subsection.22.1}{Review}{section.22}% 46
